{"/Users/garyjennings/Desktop/riseagain/rise-utils/src/db/index.js": {"path":"/Users/garyjennings/Desktop/riseagain/rise-utils/src/db/index.js","statementMap":{"0":{"start":{"line":1,"column":12},"end":{"line":1,"column":30}},"1":{"start":{"line":2,"column":25},"end":{"line":2,"column":54}},"2":{"start":{"line":4,"column":15},"end":{"line":4,"column":48}},"3":{"start":{"line":5,"column":11},"end":{"line":7,"column":2}},"4":{"start":{"line":13,"column":12},"end":{"line":60,"column":1}},"5":{"start":{"line":14,"column":2},"end":{"line":16,"column":3}},"6":{"start":{"line":15,"column":4},"end":{"line":15,"column":49}},"7":{"start":{"line":18,"column":2},"end":{"line":30,"column":3}},"8":{"start":{"line":19,"column":17},"end":{"line":27,"column":16}},"9":{"start":{"line":29,"column":4},"end":{"line":29,"column":29}},"10":{"start":{"line":32,"column":2},"end":{"line":44,"column":3}},"11":{"start":{"line":33,"column":17},"end":{"line":41,"column":16}},"12":{"start":{"line":43,"column":4},"end":{"line":43,"column":29}},"13":{"start":{"line":45,"column":2},"end":{"line":57,"column":3}},"14":{"start":{"line":46,"column":17},"end":{"line":54,"column":16}},"15":{"start":{"line":56,"column":4},"end":{"line":56,"column":29}},"16":{"start":{"line":59,"column":2},"end":{"line":59,"column":62}},"17":{"start":{"line":66,"column":13},"end":{"line":120,"column":1}},"18":{"start":{"line":67,"column":2},"end":{"line":69,"column":3}},"19":{"start":{"line":68,"column":4},"end":{"line":68,"column":49}},"20":{"start":{"line":71,"column":2},"end":{"line":73,"column":3}},"21":{"start":{"line":72,"column":4},"end":{"line":72,"column":71}},"22":{"start":{"line":75,"column":15},"end":{"line":75,"column":17}},"23":{"start":{"line":77,"column":2},"end":{"line":88,"column":3}},"24":{"start":{"line":78,"column":4},"end":{"line":87,"column":5}},"25":{"start":{"line":90,"column":2},"end":{"line":102,"column":3}},"26":{"start":{"line":91,"column":4},"end":{"line":101,"column":5}},"27":{"start":{"line":104,"column":2},"end":{"line":116,"column":3}},"28":{"start":{"line":105,"column":4},"end":{"line":115,"column":5}},"29":{"start":{"line":118,"column":17},"end":{"line":118,"column":49}},"30":{"start":{"line":119,"column":2},"end":{"line":119,"column":27}},"31":{"start":{"line":126,"column":15},"end":{"line":160,"column":1}},"32":{"start":{"line":127,"column":2},"end":{"line":129,"column":3}},"33":{"start":{"line":128,"column":4},"end":{"line":128,"column":72}},"34":{"start":{"line":131,"column":2},"end":{"line":133,"column":3}},"35":{"start":{"line":132,"column":4},"end":{"line":132,"column":52}},"36":{"start":{"line":135,"column":21},"end":{"line":147,"column":3}},"37":{"start":{"line":136,"column":27},"end":{"line":136,"column":50}},"38":{"start":{"line":138,"column":4},"end":{"line":144,"column":16}},"39":{"start":{"line":146,"column":4},"end":{"line":146,"column":25}},"40":{"start":{"line":149,"column":2},"end":{"line":159,"column":3}},"41":{"start":{"line":150,"column":4},"end":{"line":150,"column":29}},"42":{"start":{"line":152,"column":4},"end":{"line":157,"column":5}},"43":{"start":{"line":156,"column":6},"end":{"line":156,"column":31}},"44":{"start":{"line":158,"column":4},"end":{"line":158,"column":22}},"45":{"start":{"line":166,"column":12},"end":{"line":184,"column":1}},"46":{"start":{"line":167,"column":2},"end":{"line":169,"column":3}},"47":{"start":{"line":168,"column":4},"end":{"line":168,"column":72}},"48":{"start":{"line":171,"column":2},"end":{"line":173,"column":3}},"49":{"start":{"line":172,"column":4},"end":{"line":172,"column":52}},"50":{"start":{"line":175,"column":25},"end":{"line":175,"column":48}},"51":{"start":{"line":176,"column":2},"end":{"line":181,"column":14}},"52":{"start":{"line":183,"column":2},"end":{"line":183,"column":23}},"53":{"start":{"line":190,"column":15},"end":{"line":201,"column":1}},"54":{"start":{"line":191,"column":2},"end":{"line":199,"column":14}},"55":{"start":{"line":200,"column":2},"end":{"line":200,"column":14}},"56":{"start":{"line":203,"column":0},"end":{"line":209,"column":1}}},"fnMap":{"0":{"name":"(anonymous_0)","decl":{"start":{"line":13,"column":12},"end":{"line":13,"column":13}},"loc":{"start":{"line":13,"column":56},"end":{"line":60,"column":1}},"line":13},"1":{"name":"(anonymous_1)","decl":{"start":{"line":66,"column":13},"end":{"line":66,"column":14}},"loc":{"start":{"line":66,"column":57},"end":{"line":120,"column":1}},"line":66},"2":{"name":"(anonymous_2)","decl":{"start":{"line":126,"column":15},"end":{"line":126,"column":16}},"loc":{"start":{"line":126,"column":59},"end":{"line":160,"column":1}},"line":126},"3":{"name":"(anonymous_3)","decl":{"start":{"line":135,"column":21},"end":{"line":135,"column":22}},"loc":{"start":{"line":135,"column":33},"end":{"line":147,"column":3}},"line":135},"4":{"name":"(anonymous_4)","decl":{"start":{"line":166,"column":12},"end":{"line":166,"column":13}},"loc":{"start":{"line":166,"column":56},"end":{"line":184,"column":1}},"line":166},"5":{"name":"(anonymous_5)","decl":{"start":{"line":190,"column":15},"end":{"line":190,"column":16}},"loc":{"start":{"line":190,"column":59},"end":{"line":201,"column":1}},"line":190}},"branchMap":{"0":{"loc":{"start":{"line":4,"column":15},"end":{"line":4,"column":48}},"type":"binary-expr","locations":[{"start":{"line":4,"column":15},"end":{"line":4,"column":33}},{"start":{"line":4,"column":37},"end":{"line":4,"column":48}}],"line":4},"1":{"loc":{"start":{"line":13,"column":26},"end":{"line":13,"column":51}},"type":"default-arg","locations":[{"start":{"line":13,"column":34},"end":{"line":13,"column":51}}],"line":13},"2":{"loc":{"start":{"line":14,"column":2},"end":{"line":16,"column":3}},"type":"if","locations":[{"start":{"line":14,"column":2},"end":{"line":16,"column":3}},{"start":{"line":14,"column":2},"end":{"line":16,"column":3}}],"line":14},"3":{"loc":{"start":{"line":18,"column":2},"end":{"line":30,"column":3}},"type":"if","locations":[{"start":{"line":18,"column":2},"end":{"line":30,"column":3}},{"start":{"line":18,"column":2},"end":{"line":30,"column":3}}],"line":18},"4":{"loc":{"start":{"line":29,"column":11},"end":{"line":29,"column":29}},"type":"binary-expr","locations":[{"start":{"line":29,"column":11},"end":{"line":29,"column":20}},{"start":{"line":29,"column":24},"end":{"line":29,"column":29}}],"line":29},"5":{"loc":{"start":{"line":32,"column":2},"end":{"line":44,"column":3}},"type":"if","locations":[{"start":{"line":32,"column":2},"end":{"line":44,"column":3}},{"start":{"line":32,"column":2},"end":{"line":44,"column":3}}],"line":32},"6":{"loc":{"start":{"line":43,"column":11},"end":{"line":43,"column":29}},"type":"binary-expr","locations":[{"start":{"line":43,"column":11},"end":{"line":43,"column":20}},{"start":{"line":43,"column":24},"end":{"line":43,"column":29}}],"line":43},"7":{"loc":{"start":{"line":45,"column":2},"end":{"line":57,"column":3}},"type":"if","locations":[{"start":{"line":45,"column":2},"end":{"line":57,"column":3}},{"start":{"line":45,"column":2},"end":{"line":57,"column":3}}],"line":45},"8":{"loc":{"start":{"line":56,"column":11},"end":{"line":56,"column":29}},"type":"binary-expr","locations":[{"start":{"line":56,"column":11},"end":{"line":56,"column":20}},{"start":{"line":56,"column":24},"end":{"line":56,"column":29}}],"line":56},"9":{"loc":{"start":{"line":66,"column":27},"end":{"line":66,"column":52}},"type":"default-arg","locations":[{"start":{"line":66,"column":35},"end":{"line":66,"column":52}}],"line":66},"10":{"loc":{"start":{"line":67,"column":2},"end":{"line":69,"column":3}},"type":"if","locations":[{"start":{"line":67,"column":2},"end":{"line":69,"column":3}},{"start":{"line":67,"column":2},"end":{"line":69,"column":3}}],"line":67},"11":{"loc":{"start":{"line":71,"column":2},"end":{"line":73,"column":3}},"type":"if","locations":[{"start":{"line":71,"column":2},"end":{"line":73,"column":3}},{"start":{"line":71,"column":2},"end":{"line":73,"column":3}}],"line":71},"12":{"loc":{"start":{"line":71,"column":6},"end":{"line":71,"column":45}},"type":"binary-expr","locations":[{"start":{"line":71,"column":6},"end":{"line":71,"column":15}},{"start":{"line":71,"column":19},"end":{"line":71,"column":30}},{"start":{"line":71,"column":34},"end":{"line":71,"column":45}}],"line":71},"13":{"loc":{"start":{"line":77,"column":2},"end":{"line":88,"column":3}},"type":"if","locations":[{"start":{"line":77,"column":2},"end":{"line":88,"column":3}},{"start":{"line":77,"column":2},"end":{"line":88,"column":3}}],"line":77},"14":{"loc":{"start":{"line":80,"column":10},"end":{"line":80,"column":51}},"type":"cond-expr","locations":[{"start":{"line":80,"column":24},"end":{"line":80,"column":46}},{"start":{"line":80,"column":49},"end":{"line":80,"column":51}}],"line":80},"15":{"loc":{"start":{"line":81,"column":10},"end":{"line":81,"column":67}},"type":"cond-expr","locations":[{"start":{"line":81,"column":26},"end":{"line":81,"column":62}},{"start":{"line":81,"column":65},"end":{"line":81,"column":67}}],"line":81},"16":{"loc":{"start":{"line":90,"column":2},"end":{"line":102,"column":3}},"type":"if","locations":[{"start":{"line":90,"column":2},"end":{"line":102,"column":3}},{"start":{"line":90,"column":2},"end":{"line":102,"column":3}}],"line":90},"17":{"loc":{"start":{"line":93,"column":10},"end":{"line":93,"column":51}},"type":"cond-expr","locations":[{"start":{"line":93,"column":24},"end":{"line":93,"column":46}},{"start":{"line":93,"column":49},"end":{"line":93,"column":51}}],"line":93},"18":{"loc":{"start":{"line":94,"column":10},"end":{"line":94,"column":67}},"type":"cond-expr","locations":[{"start":{"line":94,"column":26},"end":{"line":94,"column":62}},{"start":{"line":94,"column":65},"end":{"line":94,"column":67}}],"line":94},"19":{"loc":{"start":{"line":104,"column":2},"end":{"line":116,"column":3}},"type":"if","locations":[{"start":{"line":104,"column":2},"end":{"line":116,"column":3}},{"start":{"line":104,"column":2},"end":{"line":116,"column":3}}],"line":104},"20":{"loc":{"start":{"line":107,"column":10},"end":{"line":107,"column":51}},"type":"cond-expr","locations":[{"start":{"line":107,"column":24},"end":{"line":107,"column":46}},{"start":{"line":107,"column":49},"end":{"line":107,"column":51}}],"line":107},"21":{"loc":{"start":{"line":108,"column":10},"end":{"line":108,"column":67}},"type":"cond-expr","locations":[{"start":{"line":108,"column":26},"end":{"line":108,"column":62}},{"start":{"line":108,"column":65},"end":{"line":108,"column":67}}],"line":108},"22":{"loc":{"start":{"line":119,"column":9},"end":{"line":119,"column":27}},"type":"binary-expr","locations":[{"start":{"line":119,"column":9},"end":{"line":119,"column":21}},{"start":{"line":119,"column":25},"end":{"line":119,"column":27}}],"line":119},"23":{"loc":{"start":{"line":126,"column":29},"end":{"line":126,"column":54}},"type":"default-arg","locations":[{"start":{"line":126,"column":37},"end":{"line":126,"column":54}}],"line":126},"24":{"loc":{"start":{"line":127,"column":2},"end":{"line":129,"column":3}},"type":"if","locations":[{"start":{"line":127,"column":2},"end":{"line":129,"column":3}},{"start":{"line":127,"column":2},"end":{"line":129,"column":3}}],"line":127},"25":{"loc":{"start":{"line":127,"column":6},"end":{"line":127,"column":45}},"type":"binary-expr","locations":[{"start":{"line":127,"column":6},"end":{"line":127,"column":15}},{"start":{"line":127,"column":19},"end":{"line":127,"column":30}},{"start":{"line":127,"column":34},"end":{"line":127,"column":45}}],"line":127},"26":{"loc":{"start":{"line":131,"column":2},"end":{"line":133,"column":3}},"type":"if","locations":[{"start":{"line":131,"column":2},"end":{"line":133,"column":3}},{"start":{"line":131,"column":2},"end":{"line":133,"column":3}}],"line":131},"27":{"loc":{"start":{"line":152,"column":4},"end":{"line":157,"column":5}},"type":"if","locations":[{"start":{"line":152,"column":4},"end":{"line":157,"column":5}},{"start":{"line":152,"column":4},"end":{"line":157,"column":5}}],"line":152},"28":{"loc":{"start":{"line":153,"column":6},"end":{"line":154,"column":30}},"type":"binary-expr","locations":[{"start":{"line":153,"column":6},"end":{"line":153,"column":59}},{"start":{"line":154,"column":6},"end":{"line":154,"column":30}}],"line":153},"29":{"loc":{"start":{"line":166,"column":26},"end":{"line":166,"column":51}},"type":"default-arg","locations":[{"start":{"line":166,"column":34},"end":{"line":166,"column":51}}],"line":166},"30":{"loc":{"start":{"line":167,"column":2},"end":{"line":169,"column":3}},"type":"if","locations":[{"start":{"line":167,"column":2},"end":{"line":169,"column":3}},{"start":{"line":167,"column":2},"end":{"line":169,"column":3}}],"line":167},"31":{"loc":{"start":{"line":167,"column":6},"end":{"line":167,"column":45}},"type":"binary-expr","locations":[{"start":{"line":167,"column":6},"end":{"line":167,"column":15}},{"start":{"line":167,"column":19},"end":{"line":167,"column":30}},{"start":{"line":167,"column":34},"end":{"line":167,"column":45}}],"line":167},"32":{"loc":{"start":{"line":171,"column":2},"end":{"line":173,"column":3}},"type":"if","locations":[{"start":{"line":171,"column":2},"end":{"line":173,"column":3}},{"start":{"line":171,"column":2},"end":{"line":173,"column":3}}],"line":171},"33":{"loc":{"start":{"line":190,"column":29},"end":{"line":190,"column":54}},"type":"default-arg","locations":[{"start":{"line":190,"column":37},"end":{"line":190,"column":54}}],"line":190}},"s":{"0":1,"1":1,"2":1,"3":1,"4":1,"5":2,"6":0,"7":2,"8":2,"9":2,"10":0,"11":0,"12":0,"13":0,"14":0,"15":0,"16":0,"17":1,"18":5,"19":0,"20":5,"21":0,"22":5,"23":5,"24":3,"25":5,"26":1,"27":5,"28":1,"29":5,"30":5,"31":1,"32":0,"33":0,"34":0,"35":0,"36":0,"37":0,"38":0,"39":0,"40":0,"41":0,"42":0,"43":0,"44":0,"45":1,"46":8,"47":0,"48":8,"49":0,"50":8,"51":8,"52":8,"53":1,"54":8,"55":8,"56":1},"f":{"0":2,"1":5,"2":0,"3":0,"4":8,"5":8},"b":{"0":[1,1],"1":[2],"2":[0,2],"3":[2,0],"4":[2,1],"5":[0,0],"6":[0,0],"7":[0,0],"8":[0,0],"9":[5],"10":[0,5],"11":[0,5],"12":[5,2,1],"13":[3,2],"14":[2,1],"15":[1,2],"16":[1,4],"17":[0,1],"18":[0,1],"19":[1,4],"20":[0,1],"21":[0,1],"22":[5,0],"23":[0],"24":[0,0],"25":[0,0,0],"26":[0,0],"27":[0,0],"28":[0,0],"29":[8],"30":[0,8],"31":[8,0,0],"32":[0,8],"33":[8]},"_coverageSchema":"1a1c01bbd47fc00a2c39e90264f33305004495a9","hash":"fd45ee417fed9b7ee08844e5ded8cc40df8a10d9"}
,"/Users/garyjennings/Desktop/riseagain/rise-utils/src/db/_tests/testUtils.js": {"path":"/Users/garyjennings/Desktop/riseagain/rise-utils/src/db/_tests/testUtils.js","statementMap":{"0":{"start":{"line":1,"column":12},"end":{"line":1,"column":30}},"1":{"start":{"line":2,"column":0},"end":{"line":4,"column":1}},"2":{"start":{"line":5,"column":11},"end":{"line":5,"column":57}},"3":{"start":{"line":7,"column":0},"end":{"line":84,"column":1}},"4":{"start":{"line":9,"column":4},"end":{"line":76,"column":16}},"5":{"start":{"line":80,"column":4},"end":{"line":82,"column":6}}},"fnMap":{"0":{"name":"(anonymous_0)","decl":{"start":{"line":8,"column":15},"end":{"line":8,"column":16}},"loc":{"start":{"line":8,"column":27},"end":{"line":77,"column":3}},"line":8},"1":{"name":"(anonymous_1)","decl":{"start":{"line":79,"column":15},"end":{"line":79,"column":16}},"loc":{"start":{"line":79,"column":27},"end":{"line":83,"column":3}},"line":79}},"branchMap":{},"s":{"0":1,"1":1,"2":1,"3":1,"4":1,"5":0},"f":{"0":1,"1":0},"b":{},"_coverageSchema":"1a1c01bbd47fc00a2c39e90264f33305004495a9","hash":"0fdedb9611a51d6f95a853eba508785ad3471b4d"}
,"/Users/garyjennings/Desktop/riseagain/rise-utils/src/db/utils/formatKeys.js": {"path":"/Users/garyjennings/Desktop/riseagain/rise-utils/src/db/utils/formatKeys.js","statementMap":{"0":{"start":{"line":1,"column":13},"end":{"line":1,"column":30}},"1":{"start":{"line":10,"column":0},"end":{"line":29,"column":1}},"2":{"start":{"line":11,"column":16},"end":{"line":11,"column":31}},"3":{"start":{"line":12,"column":2},"end":{"line":14,"column":3}},"4":{"start":{"line":13,"column":4},"end":{"line":13,"column":46}},"5":{"start":{"line":16,"column":2},"end":{"line":18,"column":3}},"6":{"start":{"line":17,"column":4},"end":{"line":17,"column":21}},"7":{"start":{"line":20,"column":2},"end":{"line":22,"column":3}},"8":{"start":{"line":21,"column":4},"end":{"line":21,"column":46}},"9":{"start":{"line":24,"column":2},"end":{"line":26,"column":3}},"10":{"start":{"line":25,"column":4},"end":{"line":25,"column":21}},"11":{"start":{"line":28,"column":2},"end":{"line":28,"column":14}}},"fnMap":{"0":{"name":"(anonymous_0)","decl":{"start":{"line":10,"column":17},"end":{"line":10,"column":18}},"loc":{"start":{"line":10,"column":31},"end":{"line":29,"column":1}},"line":10}},"branchMap":{"0":{"loc":{"start":{"line":12,"column":2},"end":{"line":14,"column":3}},"type":"if","locations":[{"start":{"line":12,"column":2},"end":{"line":14,"column":3}},{"start":{"line":12,"column":2},"end":{"line":14,"column":3}}],"line":12},"1":{"loc":{"start":{"line":12,"column":6},"end":{"line":12,"column":64}},"type":"binary-expr","locations":[{"start":{"line":12,"column":6},"end":{"line":12,"column":14}},{"start":{"line":12,"column":18},"end":{"line":12,"column":36}},{"start":{"line":12,"column":40},"end":{"line":12,"column":64}}],"line":12},"2":{"loc":{"start":{"line":16,"column":2},"end":{"line":18,"column":3}},"type":"if","locations":[{"start":{"line":16,"column":2},"end":{"line":18,"column":3}},{"start":{"line":16,"column":2},"end":{"line":18,"column":3}}],"line":16},"3":{"loc":{"start":{"line":16,"column":6},"end":{"line":16,"column":36}},"type":"binary-expr","locations":[{"start":{"line":16,"column":6},"end":{"line":16,"column":14}},{"start":{"line":16,"column":18},"end":{"line":16,"column":36}}],"line":16},"4":{"loc":{"start":{"line":20,"column":2},"end":{"line":22,"column":3}},"type":"if","locations":[{"start":{"line":20,"column":2},"end":{"line":22,"column":3}},{"start":{"line":20,"column":2},"end":{"line":22,"column":3}}],"line":20},"5":{"loc":{"start":{"line":20,"column":6},"end":{"line":20,"column":64}},"type":"binary-expr","locations":[{"start":{"line":20,"column":6},"end":{"line":20,"column":14}},{"start":{"line":20,"column":18},"end":{"line":20,"column":36}},{"start":{"line":20,"column":40},"end":{"line":20,"column":64}}],"line":20},"6":{"loc":{"start":{"line":24,"column":2},"end":{"line":26,"column":3}},"type":"if","locations":[{"start":{"line":24,"column":2},"end":{"line":26,"column":3}},{"start":{"line":24,"column":2},"end":{"line":26,"column":3}}],"line":24},"7":{"loc":{"start":{"line":24,"column":6},"end":{"line":24,"column":36}},"type":"binary-expr","locations":[{"start":{"line":24,"column":6},"end":{"line":24,"column":14}},{"start":{"line":24,"column":18},"end":{"line":24,"column":36}}],"line":24}},"s":{"0":1,"1":1,"2":8,"3":8,"4":0,"5":8,"6":0,"7":8,"8":1,"9":8,"10":0,"11":8},"f":{"0":8},"b":{"0":[0,8],"1":[8,8,8],"2":[0,8],"3":[8,8],"4":[1,7],"5":[8,8,8],"6":[0,8],"7":[8,8]},"_coverageSchema":"1a1c01bbd47fc00a2c39e90264f33305004495a9","hash":"4fb2696501ca00c19bb679636775566549347b4b"}
,"/Users/garyjennings/Desktop/riseagain/rise-utils/src/db/utils/uuid.js": {"path":"/Users/garyjennings/Desktop/riseagain/rise-utils/src/db/utils/uuid.js","statementMap":{"0":{"start":{"line":1,"column":15},"end":{"line":1,"column":32}},"1":{"start":{"line":3,"column":18},"end":{"line":3,"column":20}},"2":{"start":{"line":4,"column":0},"end":{"line":6,"column":1}},"3":{"start":{"line":4,"column":13},"end":{"line":4,"column":14}},"4":{"start":{"line":5,"column":2},"end":{"line":5,"column":52}},"5":{"start":{"line":9,"column":17},"end":{"line":9,"column":29}},"6":{"start":{"line":10,"column":2},"end":{"line":31,"column":17}},"7":{"start":{"line":35,"column":16},"end":{"line":35,"column":34}},"8":{"start":{"line":36,"column":2},"end":{"line":36,"column":37}},"9":{"start":{"line":40,"column":2},"end":{"line":40,"column":25}},"10":{"start":{"line":41,"column":15},"end":{"line":41,"column":55}},"11":{"start":{"line":42,"column":2},"end":{"line":42,"column":35}},"12":{"start":{"line":43,"column":2},"end":{"line":43,"column":35}},"13":{"start":{"line":45,"column":2},"end":{"line":52,"column":3}},"14":{"start":{"line":46,"column":4},"end":{"line":46,"column":24}},"15":{"start":{"line":47,"column":4},"end":{"line":49,"column":5}},"16":{"start":{"line":47,"column":17},"end":{"line":47,"column":18}},"17":{"start":{"line":48,"column":6},"end":{"line":48,"column":31}},"18":{"start":{"line":51,"column":4},"end":{"line":51,"column":14}},"19":{"start":{"line":54,"column":2},"end":{"line":54,"column":26}},"20":{"start":{"line":57,"column":0},"end":{"line":57,"column":21}}},"fnMap":{"0":{"name":"bytesToUuid","decl":{"start":{"line":8,"column":9},"end":{"line":8,"column":20}},"loc":{"start":{"line":8,"column":35},"end":{"line":32,"column":1}},"line":8},"1":{"name":"rng","decl":{"start":{"line":34,"column":9},"end":{"line":34,"column":12}},"loc":{"start":{"line":34,"column":15},"end":{"line":37,"column":1}},"line":34},"2":{"name":"uuid","decl":{"start":{"line":39,"column":9},"end":{"line":39,"column":13}},"loc":{"start":{"line":39,"column":36},"end":{"line":55,"column":1}},"line":39}},"branchMap":{"0":{"loc":{"start":{"line":9,"column":17},"end":{"line":9,"column":29}},"type":"binary-expr","locations":[{"start":{"line":9,"column":17},"end":{"line":9,"column":24}},{"start":{"line":9,"column":28},"end":{"line":9,"column":29}}],"line":9},"1":{"loc":{"start":{"line":40,"column":12},"end":{"line":40,"column":25}},"type":"binary-expr","locations":[{"start":{"line":40,"column":12},"end":{"line":40,"column":19}},{"start":{"line":40,"column":23},"end":{"line":40,"column":25}}],"line":40},"2":{"loc":{"start":{"line":41,"column":15},"end":{"line":41,"column":55}},"type":"binary-expr","locations":[{"start":{"line":41,"column":15},"end":{"line":41,"column":29}},{"start":{"line":41,"column":33},"end":{"line":41,"column":55}}],"line":41},"3":{"loc":{"start":{"line":41,"column":34},"end":{"line":41,"column":52}},"type":"binary-expr","locations":[{"start":{"line":41,"column":34},"end":{"line":41,"column":45}},{"start":{"line":41,"column":49},"end":{"line":41,"column":52}}],"line":41},"4":{"loc":{"start":{"line":45,"column":2},"end":{"line":52,"column":3}},"type":"if","locations":[{"start":{"line":45,"column":2},"end":{"line":52,"column":3}},{"start":{"line":45,"column":2},"end":{"line":52,"column":3}}],"line":45},"5":{"loc":{"start":{"line":46,"column":13},"end":{"line":46,"column":24}},"type":"binary-expr","locations":[{"start":{"line":46,"column":13},"end":{"line":46,"column":19}},{"start":{"line":46,"column":23},"end":{"line":46,"column":24}}],"line":46}},"s":{"0":1,"1":1,"2":1,"3":1,"4":256,"5":1,"6":1,"7":1,"8":1,"9":1,"10":1,"11":1,"12":1,"13":1,"14":0,"15":0,"16":0,"17":0,"18":0,"19":1,"20":1},"f":{"0":1,"1":1,"2":1},"b":{"0":[1,1],"1":[1,1],"2":[1,1],"3":[1,1],"4":[0,1],"5":[0,0]},"_coverageSchema":"1a1c01bbd47fc00a2c39e90264f33305004495a9","hash":"437e4c3ebdba4150bd73837a727b7d34f762fb20"}
,"/Users/garyjennings/Desktop/riseagain/rise-utils/src/general/password.js": {"path":"/Users/garyjennings/Desktop/riseagain/rise-utils/src/general/password.js","statementMap":{"0":{"start":{"line":1,"column":13},"end":{"line":1,"column":30}},"1":{"start":{"line":3,"column":17},"end":{"line":15,"column":1}},"2":{"start":{"line":4,"column":13},"end":{"line":4,"column":52}},"3":{"start":{"line":5,"column":23},"end":{"line":10,"column":3}},"4":{"start":{"line":6,"column":14},"end":{"line":6,"column":48}},"5":{"start":{"line":7,"column":16},"end":{"line":7,"column":27}},"6":{"start":{"line":8,"column":4},"end":{"line":8,"column":26}},"7":{"start":{"line":9,"column":4},"end":{"line":9,"column":23}},"8":{"start":{"line":12,"column":30},"end":{"line":12,"column":51}},"9":{"start":{"line":13,"column":31},"end":{"line":13,"column":69}},"10":{"start":{"line":14,"column":2},"end":{"line":14,"column":29}},"11":{"start":{"line":17,"column":0},"end":{"line":17,"column":25}}},"fnMap":{"0":{"name":"(anonymous_0)","decl":{"start":{"line":3,"column":17},"end":{"line":3,"column":18}},"loc":{"start":{"line":3,"column":23},"end":{"line":15,"column":1}},"line":3},"1":{"name":"(anonymous_1)","decl":{"start":{"line":5,"column":23},"end":{"line":5,"column":24}},"loc":{"start":{"line":5,"column":36},"end":{"line":10,"column":3}},"line":5}},"branchMap":{},"s":{"0":1,"1":1,"2":3,"3":3,"4":6,"5":6,"6":6,"7":6,"8":3,"9":3,"10":3,"11":1},"f":{"0":3,"1":6},"b":{},"_coverageSchema":"1a1c01bbd47fc00a2c39e90264f33305004495a9","hash":"c36824773bbf0e41eee30741980bc10bf5a1443c"}
,"/Users/garyjennings/Desktop/riseagain/rise-utils/src/general/uuid.js": {"path":"/Users/garyjennings/Desktop/riseagain/rise-utils/src/general/uuid.js","statementMap":{"0":{"start":{"line":1,"column":15},"end":{"line":1,"column":32}},"1":{"start":{"line":3,"column":18},"end":{"line":3,"column":20}},"2":{"start":{"line":4,"column":0},"end":{"line":6,"column":1}},"3":{"start":{"line":4,"column":13},"end":{"line":4,"column":14}},"4":{"start":{"line":5,"column":2},"end":{"line":5,"column":52}},"5":{"start":{"line":9,"column":17},"end":{"line":9,"column":29}},"6":{"start":{"line":10,"column":2},"end":{"line":31,"column":17}},"7":{"start":{"line":35,"column":16},"end":{"line":35,"column":34}},"8":{"start":{"line":36,"column":2},"end":{"line":36,"column":37}},"9":{"start":{"line":40,"column":2},"end":{"line":40,"column":25}},"10":{"start":{"line":41,"column":15},"end":{"line":41,"column":55}},"11":{"start":{"line":42,"column":2},"end":{"line":42,"column":35}},"12":{"start":{"line":43,"column":2},"end":{"line":43,"column":35}},"13":{"start":{"line":45,"column":2},"end":{"line":52,"column":3}},"14":{"start":{"line":46,"column":4},"end":{"line":46,"column":24}},"15":{"start":{"line":47,"column":4},"end":{"line":49,"column":5}},"16":{"start":{"line":47,"column":17},"end":{"line":47,"column":18}},"17":{"start":{"line":48,"column":6},"end":{"line":48,"column":31}},"18":{"start":{"line":51,"column":4},"end":{"line":51,"column":14}},"19":{"start":{"line":54,"column":2},"end":{"line":54,"column":26}},"20":{"start":{"line":57,"column":0},"end":{"line":57,"column":21}}},"fnMap":{"0":{"name":"bytesToUuid","decl":{"start":{"line":8,"column":9},"end":{"line":8,"column":20}},"loc":{"start":{"line":8,"column":35},"end":{"line":32,"column":1}},"line":8},"1":{"name":"rng","decl":{"start":{"line":34,"column":9},"end":{"line":34,"column":12}},"loc":{"start":{"line":34,"column":15},"end":{"line":37,"column":1}},"line":34},"2":{"name":"uuid","decl":{"start":{"line":39,"column":9},"end":{"line":39,"column":13}},"loc":{"start":{"line":39,"column":36},"end":{"line":55,"column":1}},"line":39}},"branchMap":{"0":{"loc":{"start":{"line":9,"column":17},"end":{"line":9,"column":29}},"type":"binary-expr","locations":[{"start":{"line":9,"column":17},"end":{"line":9,"column":24}},{"start":{"line":9,"column":28},"end":{"line":9,"column":29}}],"line":9},"1":{"loc":{"start":{"line":40,"column":12},"end":{"line":40,"column":25}},"type":"binary-expr","locations":[{"start":{"line":40,"column":12},"end":{"line":40,"column":19}},{"start":{"line":40,"column":23},"end":{"line":40,"column":25}}],"line":40},"2":{"loc":{"start":{"line":41,"column":15},"end":{"line":41,"column":55}},"type":"binary-expr","locations":[{"start":{"line":41,"column":15},"end":{"line":41,"column":29}},{"start":{"line":41,"column":33},"end":{"line":41,"column":55}}],"line":41},"3":{"loc":{"start":{"line":41,"column":34},"end":{"line":41,"column":52}},"type":"binary-expr","locations":[{"start":{"line":41,"column":34},"end":{"line":41,"column":45}},{"start":{"line":41,"column":49},"end":{"line":41,"column":52}}],"line":41},"4":{"loc":{"start":{"line":45,"column":2},"end":{"line":52,"column":3}},"type":"if","locations":[{"start":{"line":45,"column":2},"end":{"line":52,"column":3}},{"start":{"line":45,"column":2},"end":{"line":52,"column":3}}],"line":45},"5":{"loc":{"start":{"line":46,"column":13},"end":{"line":46,"column":24}},"type":"binary-expr","locations":[{"start":{"line":46,"column":13},"end":{"line":46,"column":19}},{"start":{"line":46,"column":23},"end":{"line":46,"column":24}}],"line":46}},"s":{"0":1,"1":1,"2":1,"3":1,"4":256,"5":3,"6":3,"7":3,"8":3,"9":3,"10":3,"11":3,"12":3,"13":3,"14":0,"15":0,"16":0,"17":0,"18":0,"19":3,"20":1},"f":{"0":3,"1":3,"2":3},"b":{"0":[3,3],"1":[3,3],"2":[3,3],"3":[3,3],"4":[0,3],"5":[0,0]},"_coverageSchema":"1a1c01bbd47fc00a2c39e90264f33305004495a9","hash":"bef35e8929c94bf42261f262af267e5416658ed7"}
,"/Users/garyjennings/Desktop/riseagain/rise-utils/src/users/createUser.js": {"path":"/Users/garyjennings/Desktop/riseagain/rise-utils/src/users/createUser.js","statementMap":{"0":{"start":{"line":1,"column":12},"end":{"line":1,"column":30}},"1":{"start":{"line":2,"column":17},"end":{"line":2,"column":47}},"2":{"start":{"line":3,"column":16},"end":{"line":5,"column":2}},"3":{"start":{"line":7,"column":0},"end":{"line":48,"column":1}},"4":{"start":{"line":8,"column":2},"end":{"line":10,"column":3}},"5":{"start":{"line":9,"column":4},"end":{"line":9,"column":60}},"6":{"start":{"line":12,"column":2},"end":{"line":14,"column":3}},"7":{"start":{"line":13,"column":4},"end":{"line":13,"column":75}},"8":{"start":{"line":16,"column":15},"end":{"line":16,"column":25}},"9":{"start":{"line":17,"column":17},"end":{"line":36,"column":3}},"10":{"start":{"line":38,"column":2},"end":{"line":47,"column":3}},"11":{"start":{"line":39,"column":4},"end":{"line":39,"column":51}},"12":{"start":{"line":40,"column":4},"end":{"line":43,"column":5}},"13":{"start":{"line":45,"column":4},"end":{"line":45,"column":37}},"14":{"start":{"line":46,"column":4},"end":{"line":46,"column":24}}},"fnMap":{"0":{"name":"(anonymous_0)","decl":{"start":{"line":7,"column":17},"end":{"line":7,"column":18}},"loc":{"start":{"line":7,"column":38},"end":{"line":48,"column":1}},"line":7}},"branchMap":{"0":{"loc":{"start":{"line":4,"column":10},"end":{"line":4,"column":43}},"type":"binary-expr","locations":[{"start":{"line":4,"column":10},"end":{"line":4,"column":28}},{"start":{"line":4,"column":32},"end":{"line":4,"column":43}}],"line":4},"1":{"loc":{"start":{"line":8,"column":2},"end":{"line":10,"column":3}},"type":"if","locations":[{"start":{"line":8,"column":2},"end":{"line":10,"column":3}},{"start":{"line":8,"column":2},"end":{"line":10,"column":3}}],"line":8},"2":{"loc":{"start":{"line":12,"column":2},"end":{"line":14,"column":3}},"type":"if","locations":[{"start":{"line":12,"column":2},"end":{"line":14,"column":3}},{"start":{"line":12,"column":2},"end":{"line":14,"column":3}}],"line":12}},"s":{"0":1,"1":1,"2":1,"3":1,"4":2,"5":0,"6":2,"7":0,"8":2,"9":2,"10":2,"11":2,"12":2,"13":0,"14":0},"f":{"0":2},"b":{"0":[1,1],"1":[0,2],"2":[0,2]},"_coverageSchema":"1a1c01bbd47fc00a2c39e90264f33305004495a9","hash":"30d50ab41808f0b7b0b9a5cb139c612b92acecd9"}
,"/Users/garyjennings/Desktop/riseagain/rise-utils/src/users/deleteUser.js": {"path":"/Users/garyjennings/Desktop/riseagain/rise-utils/src/users/deleteUser.js","statementMap":{"0":{"start":{"line":1,"column":12},"end":{"line":1,"column":30}},"1":{"start":{"line":2,"column":16},"end":{"line":4,"column":2}},"2":{"start":{"line":6,"column":0},"end":{"line":26,"column":1}},"3":{"start":{"line":7,"column":2},"end":{"line":9,"column":3}},"4":{"start":{"line":8,"column":4},"end":{"line":8,"column":60}},"5":{"start":{"line":11,"column":2},"end":{"line":13,"column":3}},"6":{"start":{"line":12,"column":4},"end":{"line":12,"column":75}},"7":{"start":{"line":15,"column":17},"end":{"line":18,"column":3}},"8":{"start":{"line":20,"column":2},"end":{"line":25,"column":3}},"9":{"start":{"line":21,"column":4},"end":{"line":21,"column":51}},"10":{"start":{"line":22,"column":4},"end":{"line":22,"column":15}},"11":{"start":{"line":24,"column":4},"end":{"line":24,"column":24}}},"fnMap":{"0":{"name":"(anonymous_0)","decl":{"start":{"line":6,"column":17},"end":{"line":6,"column":18}},"loc":{"start":{"line":6,"column":38},"end":{"line":26,"column":1}},"line":6}},"branchMap":{"0":{"loc":{"start":{"line":3,"column":10},"end":{"line":3,"column":43}},"type":"binary-expr","locations":[{"start":{"line":3,"column":10},"end":{"line":3,"column":28}},{"start":{"line":3,"column":32},"end":{"line":3,"column":43}}],"line":3},"1":{"loc":{"start":{"line":7,"column":2},"end":{"line":9,"column":3}},"type":"if","locations":[{"start":{"line":7,"column":2},"end":{"line":9,"column":3}},{"start":{"line":7,"column":2},"end":{"line":9,"column":3}}],"line":7},"2":{"loc":{"start":{"line":11,"column":2},"end":{"line":13,"column":3}},"type":"if","locations":[{"start":{"line":11,"column":2},"end":{"line":13,"column":3}},{"start":{"line":11,"column":2},"end":{"line":13,"column":3}}],"line":11}},"s":{"0":1,"1":1,"2":1,"3":2,"4":0,"5":2,"6":0,"7":2,"8":2,"9":2,"10":2,"11":0},"f":{"0":2},"b":{"0":[1,1],"1":[0,2],"2":[0,2]},"_coverageSchema":"1a1c01bbd47fc00a2c39e90264f33305004495a9","hash":"a902451cc3ce74cc0a3a56034d1965728d971f71"}
,"/Users/garyjennings/Desktop/riseagain/rise-utils/src/users/index.js": {"path":"/Users/garyjennings/Desktop/riseagain/rise-utils/src/users/index.js","statementMap":{"0":{"start":{"line":1,"column":19},"end":{"line":1,"column":42}},"1":{"start":{"line":2,"column":19},"end":{"line":2,"column":42}},"2":{"start":{"line":3,"column":22},"end":{"line":3,"column":48}},"3":{"start":{"line":5,"column":0},"end":{"line":9,"column":1}}},"fnMap":{},"branchMap":{},"s":{"0":1,"1":1,"2":1,"3":1},"f":{},"b":{},"_coverageSchema":"1a1c01bbd47fc00a2c39e90264f33305004495a9","hash":"fe01deb46634f71bd401e00cbf46636143376d30"}
,"/Users/garyjennings/Desktop/riseagain/rise-utils/src/users/resetPassword.js": {"path":"/Users/garyjennings/Desktop/riseagain/rise-utils/src/users/resetPassword.js","statementMap":{"0":{"start":{"line":1,"column":12},"end":{"line":1,"column":30}},"1":{"start":{"line":2,"column":16},"end":{"line":4,"column":2}},"2":{"start":{"line":5,"column":19},"end":{"line":5,"column":42}},"3":{"start":{"line":6,"column":19},"end":{"line":6,"column":42}},"4":{"start":{"line":7,"column":17},"end":{"line":7,"column":47}},"5":{"start":{"line":9,"column":37},"end":{"line":17,"column":1}},"6":{"start":{"line":10,"column":17},"end":{"line":13,"column":3}},"7":{"start":{"line":15,"column":12},"end":{"line":15,"column":56}},"8":{"start":{"line":16,"column":2},"end":{"line":16,"column":49}},"9":{"start":{"line":19,"column":0},"end":{"line":46,"column":1}},"10":{"start":{"line":20,"column":2},"end":{"line":22,"column":3}},"11":{"start":{"line":21,"column":4},"end":{"line":21,"column":63}},"12":{"start":{"line":24,"column":2},"end":{"line":26,"column":3}},"13":{"start":{"line":25,"column":4},"end":{"line":25,"column":75}},"14":{"start":{"line":28,"column":19},"end":{"line":28,"column":60}},"15":{"start":{"line":30,"column":2},"end":{"line":32,"column":3}},"16":{"start":{"line":31,"column":4},"end":{"line":31,"column":16}},"17":{"start":{"line":34,"column":22},"end":{"line":34,"column":32}},"18":{"start":{"line":36,"column":2},"end":{"line":36,"column":29}},"19":{"start":{"line":37,"column":2},"end":{"line":40,"column":4}},"20":{"start":{"line":42,"column":2},"end":{"line":45,"column":3}}},"fnMap":{"0":{"name":"(anonymous_0)","decl":{"start":{"line":9,"column":37},"end":{"line":9,"column":38}},"loc":{"start":{"line":9,"column":54},"end":{"line":17,"column":1}},"line":9},"1":{"name":"(anonymous_1)","decl":{"start":{"line":19,"column":17},"end":{"line":19,"column":18}},"loc":{"start":{"line":19,"column":38},"end":{"line":46,"column":1}},"line":19}},"branchMap":{"0":{"loc":{"start":{"line":3,"column":10},"end":{"line":3,"column":43}},"type":"binary-expr","locations":[{"start":{"line":3,"column":10},"end":{"line":3,"column":28}},{"start":{"line":3,"column":32},"end":{"line":3,"column":43}}],"line":3},"1":{"loc":{"start":{"line":20,"column":2},"end":{"line":22,"column":3}},"type":"if","locations":[{"start":{"line":20,"column":2},"end":{"line":22,"column":3}},{"start":{"line":20,"column":2},"end":{"line":22,"column":3}}],"line":20},"2":{"loc":{"start":{"line":24,"column":2},"end":{"line":26,"column":3}},"type":"if","locations":[{"start":{"line":24,"column":2},"end":{"line":26,"column":3}},{"start":{"line":24,"column":2},"end":{"line":26,"column":3}}],"line":24},"3":{"loc":{"start":{"line":30,"column":2},"end":{"line":32,"column":3}},"type":"if","locations":[{"start":{"line":30,"column":2},"end":{"line":32,"column":3}},{"start":{"line":30,"column":2},"end":{"line":32,"column":3}}],"line":30}},"s":{"0":1,"1":1,"2":1,"3":1,"4":1,"5":1,"6":1,"7":1,"8":1,"9":1,"10":1,"11":0,"12":1,"13":0,"14":1,"15":1,"16":0,"17":1,"18":1,"19":1,"20":1},"f":{"0":1,"1":1},"b":{"0":[1,1],"1":[0,1],"2":[0,1],"3":[0,1]},"_coverageSchema":"1a1c01bbd47fc00a2c39e90264f33305004495a9","hash":"b922b92d951585f2dcbc0eeac17d11615297569a"}
}
