TN:
SF:src/db/index.js
FN:13,(anonymous_0)
FN:66,(anonymous_1)
FN:126,(anonymous_2)
FN:135,(anonymous_3)
FN:166,(anonymous_4)
FN:190,(anonymous_5)
FNF:6
FNH:4
FNDA:2,(anonymous_0)
FNDA:5,(anonymous_1)
FNDA:0,(anonymous_2)
FNDA:0,(anonymous_3)
FNDA:8,(anonymous_4)
FNDA:8,(anonymous_5)
DA:1,1
DA:2,1
DA:4,1
DA:5,1
DA:13,1
DA:14,2
DA:15,0
DA:18,2
DA:19,2
DA:29,2
DA:32,0
DA:33,0
DA:43,0
DA:45,0
DA:46,0
DA:56,0
DA:59,0
DA:66,1
DA:67,5
DA:68,0
DA:71,5
DA:72,0
DA:75,5
DA:77,5
DA:78,3
DA:90,5
DA:91,1
DA:104,5
DA:105,1
DA:118,5
DA:119,5
DA:126,1
DA:127,0
DA:128,0
DA:131,0
DA:132,0
DA:135,0
DA:136,0
DA:138,0
DA:146,0
DA:149,0
DA:150,0
DA:152,0
DA:156,0
DA:158,0
DA:166,1
DA:167,8
DA:168,0
DA:171,8
DA:172,0
DA:175,8
DA:176,8
DA:183,8
DA:190,1
DA:191,8
DA:200,8
DA:203,1
LF:57
LH:32
BRDA:4,0,0,1
BRDA:4,0,1,1
BRDA:13,1,0,2
BRDA:14,2,0,0
BRDA:14,2,1,2
BRDA:18,3,0,2
BRDA:18,3,1,0
BRDA:29,4,0,2
BRDA:29,4,1,1
BRDA:32,5,0,0
BRDA:32,5,1,0
BRDA:43,6,0,0
BRDA:43,6,1,0
BRDA:45,7,0,0
BRDA:45,7,1,0
BRDA:56,8,0,0
BRDA:56,8,1,0
BRDA:66,9,0,5
BRDA:67,10,0,0
BRDA:67,10,1,5
BRDA:71,11,0,0
BRDA:71,11,1,5
BRDA:71,12,0,5
BRDA:71,12,1,2
BRDA:71,12,2,1
BRDA:77,13,0,3
BRDA:77,13,1,2
BRDA:80,14,0,2
BRDA:80,14,1,1
BRDA:81,15,0,1
BRDA:81,15,1,2
BRDA:90,16,0,1
BRDA:90,16,1,4
BRDA:93,17,0,0
BRDA:93,17,1,1
BRDA:94,18,0,0
BRDA:94,18,1,1
BRDA:104,19,0,1
BRDA:104,19,1,4
BRDA:107,20,0,0
BRDA:107,20,1,1
BRDA:108,21,0,0
BRDA:108,21,1,1
BRDA:119,22,0,5
BRDA:119,22,1,0
BRDA:126,23,0,0
BRDA:127,24,0,0
BRDA:127,24,1,0
BRDA:127,25,0,0
BRDA:127,25,1,0
BRDA:127,25,2,0
BRDA:131,26,0,0
BRDA:131,26,1,0
BRDA:152,27,0,0
BRDA:152,27,1,0
BRDA:153,28,0,0
BRDA:153,28,1,0
BRDA:166,29,0,8
BRDA:167,30,0,0
BRDA:167,30,1,8
BRDA:167,31,0,8
BRDA:167,31,1,0
BRDA:167,31,2,0
BRDA:171,32,0,0
BRDA:171,32,1,8
BRDA:190,33,0,8
BRF:66
BRH:33
end_of_record
TN:
SF:src/db/_tests/testUtils.js
FN:8,(anonymous_0)
FN:79,(anonymous_1)
FNF:2
FNH:1
FNDA:1,(anonymous_0)
FNDA:0,(anonymous_1)
DA:1,1
DA:2,1
DA:5,1
DA:7,1
DA:9,1
DA:80,0
LF:6
LH:5
BRF:0
BRH:0
end_of_record
TN:
SF:src/db/utils/formatKeys.js
FN:10,(anonymous_0)
FNF:1
FNH:1
FNDA:8,(anonymous_0)
DA:1,1
DA:10,1
DA:11,8
DA:12,8
DA:13,0
DA:16,8
DA:17,0
DA:20,8
DA:21,1
DA:24,8
DA:25,0
DA:28,8
LF:12
LH:9
BRDA:12,0,0,0
BRDA:12,0,1,8
BRDA:12,1,0,8
BRDA:12,1,1,8
BRDA:12,1,2,8
BRDA:16,2,0,0
BRDA:16,2,1,8
BRDA:16,3,0,8
BRDA:16,3,1,8
BRDA:20,4,0,1
BRDA:20,4,1,7
BRDA:20,5,0,8
BRDA:20,5,1,8
BRDA:20,5,2,8
BRDA:24,6,0,0
BRDA:24,6,1,8
BRDA:24,7,0,8
BRDA:24,7,1,8
BRF:18
BRH:15
end_of_record
TN:
SF:src/db/utils/uuid.js
FN:8,bytesToUuid
FN:34,rng
FN:39,uuid
FNF:3
FNH:3
FNDA:1,bytesToUuid
FNDA:1,rng
FNDA:1,uuid
DA:1,1
DA:3,1
DA:4,1
DA:5,256
DA:9,1
DA:10,1
DA:35,1
DA:36,1
DA:40,1
DA:41,1
DA:42,1
DA:43,1
DA:45,1
DA:46,0
DA:47,0
DA:48,0
DA:51,0
DA:54,1
DA:57,1
LF:19
LH:15
BRDA:9,0,0,1
BRDA:9,0,1,1
BRDA:40,1,0,1
BRDA:40,1,1,1
BRDA:41,2,0,1
BRDA:41,2,1,1
BRDA:41,3,0,1
BRDA:41,3,1,1
BRDA:45,4,0,0
BRDA:45,4,1,1
BRDA:46,5,0,0
BRDA:46,5,1,0
BRF:12
BRH:9
end_of_record
TN:
SF:src/general/password.js
FN:3,(anonymous_0)
FN:5,(anonymous_1)
FNF:2
FNH:2
FNDA:3,(anonymous_0)
FNDA:6,(anonymous_1)
DA:1,1
DA:3,1
DA:4,3
DA:5,3
DA:6,6
DA:7,6
DA:8,6
DA:9,6
DA:12,3
DA:13,3
DA:14,3
DA:17,1
LF:12
LH:12
BRF:0
BRH:0
end_of_record
TN:
SF:src/general/uuid.js
FN:8,bytesToUuid
FN:34,rng
FN:39,uuid
FNF:3
FNH:3
FNDA:3,bytesToUuid
FNDA:3,rng
FNDA:3,uuid
DA:1,1
DA:3,1
DA:4,1
DA:5,256
DA:9,3
DA:10,3
DA:35,3
DA:36,3
DA:40,3
DA:41,3
DA:42,3
DA:43,3
DA:45,3
DA:46,0
DA:47,0
DA:48,0
DA:51,0
DA:54,3
DA:57,1
LF:19
LH:15
BRDA:9,0,0,3
BRDA:9,0,1,3
BRDA:40,1,0,3
BRDA:40,1,1,3
BRDA:41,2,0,3
BRDA:41,2,1,3
BRDA:41,3,0,3
BRDA:41,3,1,3
BRDA:45,4,0,0
BRDA:45,4,1,3
BRDA:46,5,0,0
BRDA:46,5,1,0
BRF:12
BRH:9
end_of_record
TN:
SF:src/users/createUser.js
FN:7,(anonymous_0)
FNF:1
FNH:1
FNDA:2,(anonymous_0)
DA:1,1
DA:2,1
DA:3,1
DA:7,1
DA:8,2
DA:9,0
DA:12,2
DA:13,0
DA:16,2
DA:17,2
DA:38,2
DA:39,2
DA:40,2
DA:45,0
DA:46,0
LF:15
LH:11
BRDA:4,0,0,1
BRDA:4,0,1,1
BRDA:8,1,0,0
BRDA:8,1,1,2
BRDA:12,2,0,0
BRDA:12,2,1,2
BRF:6
BRH:4
end_of_record
TN:
SF:src/users/deleteUser.js
FN:6,(anonymous_0)
FNF:1
FNH:1
FNDA:2,(anonymous_0)
DA:1,1
DA:2,1
DA:6,1
DA:7,2
DA:8,0
DA:11,2
DA:12,0
DA:15,2
DA:20,2
DA:21,2
DA:22,2
DA:24,0
LF:12
LH:9
BRDA:3,0,0,1
BRDA:3,0,1,1
BRDA:7,1,0,0
BRDA:7,1,1,2
BRDA:11,2,0,0
BRDA:11,2,1,2
BRF:6
BRH:4
end_of_record
TN:
SF:src/users/index.js
FNF:0
FNH:0
DA:1,1
DA:2,1
DA:3,1
DA:5,1
LF:4
LH:4
BRF:0
BRH:0
end_of_record
TN:
SF:src/users/resetPassword.js
FN:9,(anonymous_0)
FN:19,(anonymous_1)
FNF:2
FNH:2
FNDA:1,(anonymous_0)
FNDA:1,(anonymous_1)
DA:1,1
DA:2,1
DA:5,1
DA:6,1
DA:7,1
DA:9,1
DA:10,1
DA:15,1
DA:16,1
DA:19,1
DA:20,1
DA:21,0
DA:24,1
DA:25,0
DA:28,1
DA:30,1
DA:31,0
DA:34,1
DA:36,1
DA:37,1
DA:42,1
LF:21
LH:18
BRDA:3,0,0,1
BRDA:3,0,1,1
BRDA:20,1,0,0
BRDA:20,1,1,1
BRDA:24,2,0,0
BRDA:24,2,1,1
BRDA:30,3,0,0
BRDA:30,3,1,1
BRF:8
BRH:5
end_of_record
